INFO main de.htwg.se.setgame.aview.tui - Welcome to SetGame!!!! 
Well ist not that hard to play ;)
If you found a set please write : set PlayerOne (or PlayerTwo) and the number of the fields 1 2 3 (0-11)
if you need a tipp plese write h
if you want to know the solution please write s
If you want to know the game point please write GetPoints
if you want to solve the set with out knowing just write solve
Set size of the fiel 3-80 size number
For a newGame plase write nw
Have fun!!!if you want to finisch the game please write exit
    [0]        [1]        [2]    
|  red   |  | green  |  | purple |  
| ovally |  |  balk  |  |  wave  |  
|   1    |  |   3    |  |   2    |  
|  fill  |  |  fill  |  |  fill  |  


    [3]        [4]        [5]    
| purple |  | green  |  | purple |  
|  wave  |  | ovally |  |  balk  |  
|   1    |  |   2    |  |   3    |  
|  fill  |  |halffill|  |halffill|  


    [6]        [7]        [8]    
|  red   |  | purple |  | purple |  
|  balk  |  |  balk  |  | ovally |  
|   3    |  |   1    |  |   3    |  
|  fill  |  |  fill  |  |  fill  |  


    [9]        [10]        [11]    
| green  |  |  red   |  | green  |  
|  wave  |  | ovally |  |  balk  |  
|   3    |  |   3    |  |   3    |  
|  fill  |  |  fill  |  |halffill|  



INFO main de.htwg.se.setgame.aview.tui - 
81
INFO main de.htwg.se.setgame.aview.tui - Antrage = size

INFO main de.htwg.se.setgame.aview.tui - Antrage = 3

INFO main de.htwg.se.setgame.aview.tui - Welcome to SetGame!!!! 
Well ist not that hard to play ;)
If you found a set please write : set PlayerOne (or PlayerTwo) and the number of the fields 1 2 3 (0-11)
if you need a tipp plese write h
if you want to know the solution please write s
If you want to know the game point please write GetPoints
if you want to solve the set with out knowing just write solve
Set size of the fiel 3-80 size number
For a newGame plase write nw
Have fun!!!if you want to finisch the game please write exit
    [9]        [10]        [11]    
|  red   |  | green  |  | purple |  
| ovally |  |  balk  |  |  wave  |  
|   1    |  |   3    |  |   2    |  
|  fill  |  |  fill  |  |  fill  |  



INFO main de.htwg.se.setgame.aview.tui - Welcome to SetGame!!!! 
Well ist not that hard to play ;)
If you found a set please write : set PlayerOne (or PlayerTwo) and the number of the fields 1 2 3 (0-11)
if you need a tipp plese write h
if you want to know the solution please write s
If you want to know the game point please write GetPoints
if you want to solve the set with out knowing just write solve
Set size of the fiel 3-80 size number
For a newGame plase write nw
Have fun!!!if you want to finisch the game please write exit
    [9]        [10]        [11]    
|  red   |  | green  |  | purple |  
| ovally |  |  balk  |  |  wave  |  
|   1    |  |   3    |  |   2    |  
|  fill  |  |  fill  |  |  fill  |  



INFO main de.htwg.se.setgame.aview.tui - 
81
INFO main de.htwg.se.setgame.aview.tui - Antrage = s

INFO main de.htwg.se.setgame.aview.tui - Index  == 9
INFO main de.htwg.se.setgame.aview.tui - 

INFO main de.htwg.se.setgame.aview.tui - Index  == 10
INFO main de.htwg.se.setgame.aview.tui - 

INFO main de.htwg.se.setgame.aview.tui - Index  == 11
INFO main de.htwg.se.setgame.aview.tui - 

INFO main de.htwg.se.setgame.aview.tui - 
81
INFO main de.htwg.se.setgame.aview.tui - Antrage = solve

INFO main de.htwg.se.setgame.aview.tui - solved[|red| 
 |ovally| 
 |fill| 
 |1|
, |green| 
 |balk| 
 |fill| 
 |3|
, |purple| 
 |wave| 
 |fill| 
 |2|
]
81
INFO main de.htwg.se.setgame.aview.tui - Welcome to SetGame!!!! 
Well ist not that hard to play ;)
If you found a set please write : set PlayerOne (or PlayerTwo) and the number of the fields 1 2 3 (0-11)
if you need a tipp plese write h
if you want to know the solution please write s
If you want to know the game point please write GetPoints
if you want to solve the set with out knowing just write solve
Set size of the fiel 3-80 size number
For a newGame plase write nw
Have fun!!!if you want to finisch the game please write exit
    [0]        [1]        [2]    
| green  |  | purple |  |  red   |  
| ovally |  |  wave  |  |  balk  |  
|   1    |  |   1    |  |   1    |  
|halffill|  |  fill  |  | empty  |  



INFO main de.htwg.se.setgame.aview.tui - 
78
INFO main de.htwg.se.setgame.aview.tui - Antrage = nw

INFO main de.htwg.se.setgame.aview.tui - 
size of Pack = 81
12
INFO main de.htwg.se.setgame.aview.tui - Welcome to SetGame!!!! 
Well ist not that hard to play ;)
If you found a set please write : set PlayerOne (or PlayerTwo) and the number of the fields 1 2 3 (0-11)
if you need a tipp plese write h
if you want to know the solution please write s
If you want to know the game point please write GetPoints
if you want to solve the set with out knowing just write solve
Set size of the fiel 3-80 size number
For a newGame plase write nw
Have fun!!!if you want to finisch the game please write exit
    [0]        [1]        [2]    
|  red   |  | green  |  | purple |  
|  wave  |  |  balk  |  |  balk  |  
|   1    |  |   1    |  |   1    |  
| empty  |  |halffill|  |  fill  |  


    [3]        [4]        [5]    
|  red   |  | green  |  | green  |  
|  wave  |  |  balk  |  |  wave  |  
|   2    |  |   3    |  |   3    |  
| empty  |  |  fill  |  |halffill|  


    [6]        [7]        [8]    
|  red   |  | purple |  |  red   |  
| ovally |  | ovally |  |  wave  |  
|   3    |  |   3    |  |   3    |  
|halffill|  |  fill  |  |  fill  |  


    [9]        [10]        [11]    
| purple |  | green  |  |  red   |  
|  wave  |  | ovally |  | ovally |  
|   2    |  |   2    |  |   3    |  
|halffill|  |  fill  |  | empty  |  



INFO main de.htwg.se.setgame.aview.tui - 
81
INFO main de.htwg.se.setgame.aview.tui - Antrage = size

INFO main de.htwg.se.setgame.aview.tui - Antrage = 24

INFO main de.htwg.se.setgame.aview.tui - Welcome to SetGame!!!! 
Well ist not that hard to play ;)
If you found a set please write : set PlayerOne (or PlayerTwo) and the number of the fields 1 2 3 (0-11)
if you need a tipp plese write h
if you want to know the solution please write s
If you want to know the game point please write GetPoints
if you want to solve the set with out knowing just write solve
Set size of the fiel 3-80 size number
For a newGame plase write nw
Have fun!!!if you want to finisch the game please write exit
    [0]        [1]        [2]    
|  red   |  | green  |  | purple |  
|  wave  |  |  balk  |  |  balk  |  
|   1    |  |   1    |  |   1    |  
| empty  |  |halffill|  |  fill  |  


    [3]        [4]        [5]    
|  red   |  | green  |  | green  |  
|  wave  |  |  balk  |  |  wave  |  
|   2    |  |   3    |  |   3    |  
| empty  |  |  fill  |  |halffill|  


    [6]        [7]        [8]    
|  red   |  | purple |  |  red   |  
| ovally |  | ovally |  |  wave  |  
|   3    |  |   3    |  |   3    |  
|halffill|  |  fill  |  |  fill  |  


    [9]        [10]        [11]    
| purple |  | green  |  |  red   |  
|  wave  |  | ovally |  | ovally |  
|   2    |  |   2    |  |   3    |  
|halffill|  |  fill  |  | empty  |  


    [12]        [13]        [14]    
|  red   |  | purple |  | purple |  
|  balk  |  | ovally |  |  balk  |  
|   3    |  |   1    |  |   1    |  
| empty  |  |  fill  |  |halffill|  


    [15]        [16]        [17]    
|  red   |  | green  |  |  red   |  
|  wave  |  | ovally |  |  balk  |  
|   1    |  |   1    |  |   2    |  
|halffill|  |halffill|  |  fill  |  


    [18]        [19]        [20]    
| purple |  | green  |  | purple |  
| ovally |  | ovally |  |  balk  |  
|   1    |  |   1    |  |   3    |  
|halffill|  | empty  |  | empty  |  


    [21]        [22]        [23]    
|  red   |  | purple |  | green  |  
| ovally |  |  wave  |  | ovally |  
|   2    |  |   3    |  |   3    |  
|halffill|  | empty  |  | empty  |  



INFO main de.htwg.se.setgame.aview.tui - Welcome to SetGame!!!! 
Well ist not that hard to play ;)
If you found a set please write : set PlayerOne (or PlayerTwo) and the number of the fields 1 2 3 (0-11)
if you need a tipp plese write h
if you want to know the solution please write s
If you want to know the game point please write GetPoints
if you want to solve the set with out knowing just write solve
Set size of the fiel 3-80 size number
For a newGame plase write nw
Have fun!!!if you want to finisch the game please write exit
    [0]        [1]        [2]    
|  red   |  | green  |  | purple |  
|  wave  |  |  balk  |  |  balk  |  
|   1    |  |   1    |  |   1    |  
| empty  |  |halffill|  |  fill  |  


    [3]        [4]        [5]    
|  red   |  | green  |  | green  |  
|  wave  |  |  balk  |  |  wave  |  
|   2    |  |   3    |  |   3    |  
| empty  |  |  fill  |  |halffill|  


    [6]        [7]        [8]    
|  red   |  | purple |  |  red   |  
| ovally |  | ovally |  |  wave  |  
|   3    |  |   3    |  |   3    |  
|halffill|  |  fill  |  |  fill  |  


    [9]        [10]        [11]    
| purple |  | green  |  |  red   |  
|  wave  |  | ovally |  | ovally |  
|   2    |  |   2    |  |   3    |  
|halffill|  |  fill  |  | empty  |  


    [12]        [13]        [14]    
|  red   |  | purple |  | purple |  
|  balk  |  | ovally |  |  balk  |  
|   3    |  |   1    |  |   1    |  
| empty  |  |  fill  |  |halffill|  


    [15]        [16]        [17]    
|  red   |  | green  |  |  red   |  
|  wave  |  | ovally |  |  balk  |  
|   1    |  |   1    |  |   2    |  
|halffill|  |halffill|  |  fill  |  


    [18]        [19]        [20]    
| purple |  | green  |  | purple |  
| ovally |  | ovally |  |  balk  |  
|   1    |  |   1    |  |   3    |  
|halffill|  | empty  |  | empty  |  


    [21]        [22]        [23]    
|  red   |  | purple |  | green  |  
| ovally |  |  wave  |  | ovally |  
|   2    |  |   3    |  |   3    |  
|halffill|  | empty  |  | empty  |  



INFO main de.htwg.se.setgame.aview.tui - 
81
INFO main de.htwg.se.setgame.aview.tui - Antrage = size

INFO main de.htwg.se.setgame.aview.tui - Antrage = 3

INFO main de.htwg.se.setgame.aview.tui - Welcome to SetGame!!!! 
Well ist not that hard to play ;)
If you found a set please write : set PlayerOne (or PlayerTwo) and the number of the fields 1 2 3 (0-11)
if you need a tipp plese write h
if you want to know the solution please write s
If you want to know the game point please write GetPoints
if you want to solve the set with out knowing just write solve
Set size of the fiel 3-80 size number
For a newGame plase write nw
Have fun!!!if you want to finisch the game please write exit
    [21]        [22]        [23]    
|  red   |  | green  |  | purple |  
|  wave  |  |  balk  |  | ovally |  
|   1    |  |   1    |  |   1    |  
| empty  |  |halffill|  |  fill  |  



INFO main de.htwg.se.setgame.aview.tui - Welcome to SetGame!!!! 
Well ist not that hard to play ;)
If you found a set please write : set PlayerOne (or PlayerTwo) and the number of the fields 1 2 3 (0-11)
if you need a tipp plese write h
if you want to know the solution please write s
If you want to know the game point please write GetPoints
if you want to solve the set with out knowing just write solve
Set size of the fiel 3-80 size number
For a newGame plase write nw
Have fun!!!if you want to finisch the game please write exit
    [21]        [22]        [23]    
|  red   |  | green  |  | purple |  
|  wave  |  |  balk  |  | ovally |  
|   1    |  |   1    |  |   1    |  
| empty  |  |halffill|  |  fill  |  



INFO main de.htwg.se.setgame.aview.tui - 
81
INFO main de.htwg.se.setgame.aview.tui - Antrage = h

INFO main de.htwg.se.setgame.aview.tui - A tipp your set begiss with  
|red| 
 |wave| 
 |empty| 
 |1|

INFO main de.htwg.se.setgame.aview.tui - Welcome to SetGame!!!! 
Well ist not that hard to play ;)
If you found a set please write : set PlayerOne (or PlayerTwo) and the number of the fields 1 2 3 (0-11)
if you need a tipp plese write h
if you want to know the solution please write s
If you want to know the game point please write GetPoints
if you want to solve the set with out knowing just write solve
Set size of the fiel 3-80 size number
For a newGame plase write nw
Have fun!!!if you want to finisch the game please write exit
    [21]        [22]        [23]    
|  red   |  | green  |  | purple |  
|  wave  |  |  balk  |  | ovally |  
|   1    |  |   1    |  |   1    |  
| empty  |  |halffill|  |  fill  |  



INFO main de.htwg.se.setgame.aview.tui - 
81
INFO main de.htwg.se.setgame.aview.tui - Antrage = GetPoints

INFO main de.htwg.se.setgame.aview.tui - 
Player one = 0
Player Two = 0

INFO main de.htwg.se.setgame.aview.tui - 
81
INFO main de.htwg.se.setgame.aview.tui - Antrage = s

INFO main de.htwg.se.setgame.aview.tui - Index  == 21
INFO main de.htwg.se.setgame.aview.tui - 

INFO main de.htwg.se.setgame.aview.tui - Index  == 22
INFO main de.htwg.se.setgame.aview.tui - 

INFO main de.htwg.se.setgame.aview.tui - Index  == 23
INFO main de.htwg.se.setgame.aview.tui - 

INFO main de.htwg.se.setgame.aview.tui - 
81
INFO main de.htwg.se.setgame.aview.tui - Antrage = set

INFO main de.htwg.se.setgame.aview.tui - Antrage = PlayerOne

INFO main de.htwg.se.setgame.aview.tui - Antrage = 21

INFO main de.htwg.se.setgame.aview.tui - Antrage = 22

INFO main de.htwg.se.setgame.aview.tui - Antrage = 23

INFO main de.htwg.se.setgame.aview.tui - 
wrong number please number between 0-11
INFO main de.htwg.se.setgame.aview.tui - 
81
INFO main de.htwg.se.setgame.aview.tui - Antrage = size

INFO main de.htwg.se.setgame.aview.tui - Antrage = 12

INFO main de.htwg.se.setgame.aview.tui - Welcome to SetGame!!!! 
Well ist not that hard to play ;)
If you found a set please write : set PlayerOne (or PlayerTwo) and the number of the fields 1 2 3 (0-11)
if you need a tipp plese write h
if you want to know the solution please write s
If you want to know the game point please write GetPoints
if you want to solve the set with out knowing just write solve
Set size of the fiel 3-80 size number
For a newGame plase write nw
Have fun!!!if you want to finisch the game please write exit
    [0]        [1]        [2]    
| purple |  |  red   |  | green  |  
|  balk  |  |  wave  |  |  balk  |  
|   1    |  |   2    |  |   3    |  
|  fill  |  | empty  |  |  fill  |  


    [3]        [4]        [5]    
| green  |  |  red   |  | purple |  
|  wave  |  | ovally |  | ovally |  
|   3    |  |   3    |  |   3    |  
|halffill|  |halffill|  |  fill  |  


    [6]        [7]        [8]    
|  red   |  | purple |  | green  |  
|  wave  |  |  wave  |  | ovally |  
|   3    |  |   2    |  |   2    |  
|  fill  |  |halffill|  |  fill  |  


    [9]        [10]        [11]    
|  red   |  |  red   |  | purple |  
| ovally |  |  balk  |  |  balk  |  
|   3    |  |   3    |  |   1    |  
| empty  |  | empty  |  |halffill|  



INFO main de.htwg.se.setgame.aview.tui - Welcome to SetGame!!!! 
Well ist not that hard to play ;)
If you found a set please write : set PlayerOne (or PlayerTwo) and the number of the fields 1 2 3 (0-11)
if you need a tipp plese write h
if you want to know the solution please write s
If you want to know the game point please write GetPoints
if you want to solve the set with out knowing just write solve
Set size of the fiel 3-80 size number
For a newGame plase write nw
Have fun!!!if you want to finisch the game please write exit
    [0]        [1]        [2]    
| purple |  |  red   |  | green  |  
|  balk  |  |  wave  |  |  balk  |  
|   1    |  |   2    |  |   3    |  
|  fill  |  | empty  |  |  fill  |  


    [3]        [4]        [5]    
| green  |  |  red   |  | purple |  
|  wave  |  | ovally |  | ovally |  
|   3    |  |   3    |  |   3    |  
|halffill|  |halffill|  |  fill  |  


    [6]        [7]        [8]    
|  red   |  | purple |  | green  |  
|  wave  |  |  wave  |  | ovally |  
|   3    |  |   2    |  |   2    |  
|  fill  |  |halffill|  |  fill  |  


    [9]        [10]        [11]    
|  red   |  |  red   |  | purple |  
| ovally |  |  balk  |  |  balk  |  
|   3    |  |   3    |  |   1    |  
| empty  |  | empty  |  |halffill|  



INFO main de.htwg.se.setgame.aview.tui - 
81
INFO main de.htwg.se.setgame.aview.tui - Antrage = s

INFO main de.htwg.se.setgame.aview.tui - Index  == 0
INFO main de.htwg.se.setgame.aview.tui - 

INFO main de.htwg.se.setgame.aview.tui - Index  == 6
INFO main de.htwg.se.setgame.aview.tui - 

INFO main de.htwg.se.setgame.aview.tui - Index  == 8
INFO main de.htwg.se.setgame.aview.tui - 

INFO main de.htwg.se.setgame.aview.tui - 
81
INFO main de.htwg.se.setgame.aview.tui - Antrage = set

INFO main de.htwg.se.setgame.aview.tui - Antrage = PlayerOne

INFO main de.htwg.se.setgame.aview.tui - Antrage = 0

INFO main de.htwg.se.setgame.aview.tui - Antrage = 6

INFO main de.htwg.se.setgame.aview.tui - Antrage = 8

INFO main de.htwg.se.setgame.aview.tui - 
Congratilations it is a SET!! ! size == 78
INFO main de.htwg.se.setgame.aview.tui - 
78
INFO main de.htwg.se.setgame.aview.tui - Antrage = GetPoints

INFO main de.htwg.se.setgame.aview.tui - 
Player one = 1
Player Two = 0

INFO main de.htwg.se.setgame.aview.tui - 
78
INFO main de.htwg.se.setgame.aview.tui - Antrage = Exit

INFO main de.htwg.se.setgame.aview.tui - 
78
INFO main de.htwg.se.setgame.aview.tui - Antrage = exit

INFO main de.htwg.se.setgame.aview.tui - Welcome to SetGame!!!! 
Well ist not that hard to play ;)
If you found a set please write : set PlayerOne (or PlayerTwo) and the number of the fields 1 2 3 (0-11)
if you need a tipp plese write h
if you want to know the solution please write s
If you want to know the game point please write GetPoints
if you want to solve the set with out knowing just write solve
Set size of the fiel 3-80 size number
For a newGame plase write nw
Have fun!!!if you want to finisch the game please write exit
    [0]        [1]        [2]    
| purple |  | purple |  | purple |  
| ovally |  | ovally |  | ovally |  
|   2    |  |   2    |  |   2    |  
| empty  |  |  fill  |  |halffill|  


    [3]        [4]        [5]    
| green  |  |  red   |  | purple |  
|  balk  |  |  balk  |  | ovally |  
|   2    |  |   3    |  |   1    |  
|  fill  |  |halffill|  |halffill|  


    [6]        [7]        [8]    
| green  |  | purple |  | purple |  
|  wave  |  | ovally |  |  balk  |  
|   3    |  |   3    |  |   1    |  
|  fill  |  | empty  |  | empty  |  


    [9]        [10]        [11]    
| purple |  |  red   |  |  red   |  
|  balk  |  | ovally |  |  balk  |  
|   3    |  |   1    |  |   1    |  
|halffill|  | empty  |  |halffill|  



INFO main de.htwg.se.setgame.aview.tui - 
81
INFO main de.htwg.se.setgame.aview.tui - Antrage = 

INFO main de.htwg.se.setgame.aview.tui - 
81
INFO main de.htwg.se.setgame.aview.tui - Antrage = size

INFO main de.htwg.se.setgame.aview.tui - Antrage = 3

INFO main de.htwg.se.setgame.aview.tui - Welcome to SetGame!!!! 
Well ist not that hard to play ;)
If you found a set please write : set PlayerOne (or PlayerTwo) and the number of the fields 1 2 3 (0-11)
if you need a tipp plese write h
if you want to know the solution please write s
If you want to know the game point please write GetPoints
if you want to solve the set with out knowing just write solve
Set size of the fiel 3-80 size number
For a newGame plase write nw
Have fun!!!if you want to finisch the game please write exit
    [9]        [10]        [11]    
| purple |  | purple |  | purple |  
| ovally |  | ovally |  | ovally |  
|   2    |  |   2    |  |   2    |  
| empty  |  |  fill  |  |halffill|  



INFO main de.htwg.se.setgame.aview.tui - Welcome to SetGame!!!! 
Well ist not that hard to play ;)
If you found a set please write : set PlayerOne (or PlayerTwo) and the number of the fields 1 2 3 (0-11)
if you need a tipp plese write h
if you want to know the solution please write s
If you want to know the game point please write GetPoints
if you want to solve the set with out knowing just write solve
Set size of the fiel 3-80 size number
For a newGame plase write nw
Have fun!!!if you want to finisch the game please write exit
    [9]        [10]        [11]    
| purple |  | purple |  | purple |  
| ovally |  | ovally |  | ovally |  
|   2    |  |   2    |  |   2    |  
| empty  |  |  fill  |  |halffill|  



INFO main de.htwg.se.setgame.aview.tui - 
81
INFO main de.htwg.se.setgame.aview.tui - Antrage = size

INFO main de.htwg.se.setgame.aview.tui - Antrage = 50

INFO main de.htwg.se.setgame.aview.tui - Welcome to SetGame!!!! 
Well ist not that hard to play ;)
If you found a set please write : set PlayerOne (or PlayerTwo) and the number of the fields 1 2 3 (0-11)
if you need a tipp plese write h
if you want to know the solution please write s
If you want to know the game point please write GetPoints
if you want to solve the set with out knowing just write solve
Set size of the fiel 3-80 size number
For a newGame plase write nw
Have fun!!!if you want to finisch the game please write exit
    [0]        [1]        [2]    
| purple |  | green  |  |  red   |  
|  wave  |  |  balk  |  |  balk  |  
|   2    |  |   2    |  |   3    |  
|  fill  |  |  fill  |  |halffill|  


    [3]        [4]        [5]    
| purple |  | green  |  | purple |  
| ovally |  |  wave  |  | ovally |  
|   1    |  |   3    |  |   3    |  
|halffill|  |  fill  |  | empty  |  


    [6]        [7]        [8]    
| purple |  | purple |  |  red   |  
|  balk  |  |  balk  |  | ovally |  
|   1    |  |   3    |  |   1    |  
| empty  |  |halffill|  | empty  |  


    [9]        [10]        [11]    
| purple |  | purple |  | purple |  
| ovally |  | ovally |  | ovally |  
|   2    |  |   2    |  |   2    |  
| empty  |  |  fill  |  |halffill|  


    [12]        [13]        [14]    
|  red   |  | green  |  |  red   |  
|  balk  |  |  wave  |  |  wave  |  
|   1    |  |   2    |  |   1    |  
|halffill|  |  fill  |  |  fill  |  


    [15]        [16]        [17]    
|  red   |  | green  |  | purple |  
|  wave  |  |  balk  |  | ovally |  
|   2    |  |   3    |  |   3    |  
|  fill  |  |halffill|  |  fill  |  


    [18]        [19]        [20]    
| purple |  |  red   |  |  red   |  
|  balk  |  | ovally |  | ovally |  
|   2    |  |   2    |  |   3    |  
|halffill|  |halffill|  |  fill  |  


    [21]        [22]        [23]    
|  red   |  | green  |  | purple |  
|  balk  |  |  balk  |  | ovally |  
|   3    |  |   1    |  |   1    |  
| empty  |  |halffill|  | empty  |  


    [24]        [25]        [26]    
|  red   |  | green  |  | green  |  
| ovally |  |  wave  |  | ovally |  
|   3    |  |   2    |  |   3    |  
| empty  |  |halffill|  | empty  |  


    [27]        [28]        [29]    
|  red   |  |  red   |  | green  |  
| ovally |  |  balk  |  |  balk  |  
|   2    |  |   1    |  |   3    |  
| empty  |  |  fill  |  | empty  |  


    [30]        [31]        [32]    
| purple |  | green  |  |  red   |  
|  wave  |  | ovally |  |  balk  |  
|   1    |  |   3    |  |   3    |  
|halffill|  |halffill|  |  fill  |  


    [33]        [34]        [35]    
| purple |  | green  |  |  red   |  
| ovally |  |  balk  |  |  wave  |  
|   1    |  |   3    |  |   2    |  
|  fill  |  |  fill  |  |halffill|  


    [36]        [37]        [38]    
| green  |  | purple |  | purple |  
| ovally |  |  balk  |  |  wave  |  
|   1    |  |   1    |  |   3    |  
| empty  |  |halffill|  |  fill  |  


    [39]        [40]        [41]    
|  red   |  | green  |  | purple |  
| ovally |  | ovally |  | ovally |  
|   2    |  |   1    |  |   3    |  
|  fill  |  |halffill|  |halffill|  


    [42]        [43]        [44]    
|  red   |  | green  |  | purple |  
|  wave  |  | ovally |  |  wave  |  
|   1    |  |   1    |  |   1    |  
| empty  |  |  fill  |  | empty  |  


    [45]        [46]        [47]    
| green  |  |  red   |  | green  |  
|  balk  |  |  wave  |  | ovally |  
|   1    |  |   3    |  |   2    |  
| empty  |  |  fill  |  |halffill|  


    [48]        [49]    
|  red   |  
|  balk  |  | ovally |  
|   2    |  
| empty  |  |  fill  |  



INFO main de.htwg.se.setgame.aview.tui - Welcome to SetGame!!!! 
Well ist not that hard to play ;)
If you found a set please write : set PlayerOne (or PlayerTwo) and the number of the fields 1 2 3 (0-11)
if you need a tipp plese write h
if you want to know the solution please write s
If you want to know the game point please write GetPoints
if you want to solve the set with out knowing just write solve
Set size of the fiel 3-80 size number
For a newGame plase write nw
Have fun!!!if you want to finisch the game please write exit
    [0]        [1]        [2]    
| purple |  | green  |  |  red   |  
|  wave  |  |  balk  |  |  balk  |  
|   2    |  |   2    |  |   3    |  
|  fill  |  |  fill  |  |halffill|  


    [3]        [4]        [5]    
| purple |  | green  |  | purple |  
| ovally |  |  wave  |  | ovally |  
|   1    |  |   3    |  |   3    |  
|halffill|  |  fill  |  | empty  |  


    [6]        [7]        [8]    
| purple |  | purple |  |  red   |  
|  balk  |  |  balk  |  | ovally |  
|   1    |  |   3    |  |   1    |  
| empty  |  |halffill|  | empty  |  


    [9]        [10]        [11]    
| purple |  | purple |  | purple |  
| ovally |  | ovally |  | ovally |  
|   2    |  |   2    |  |   2    |  
| empty  |  |  fill  |  |halffill|  


    [12]        [13]        [14]    
|  red   |  | green  |  |  red   |  
|  balk  |  |  wave  |  |  wave  |  
|   1    |  |   2    |  |   1    |  
|halffill|  |  fill  |  |  fill  |  


    [15]        [16]        [17]    
|  red   |  | green  |  | purple |  
|  wave  |  |  balk  |  | ovally |  
|   2    |  |   3    |  |   3    |  
|  fill  |  |halffill|  |  fill  |  


    [18]        [19]        [20]    
| purple |  |  red   |  |  red   |  
|  balk  |  | ovally |  | ovally |  
|   2    |  |   2    |  |   3    |  
|halffill|  |halffill|  |  fill  |  


    [21]        [22]        [23]    
|  red   |  | green  |  | purple |  
|  balk  |  |  balk  |  | ovally |  
|   3    |  |   1    |  |   1    |  
| empty  |  |halffill|  | empty  |  


    [24]        [25]        [26]    
|  red   |  | green  |  | green  |  
| ovally |  |  wave  |  | ovally |  
|   3    |  |   2    |  |   3    |  
| empty  |  |halffill|  | empty  |  


    [27]        [28]        [29]    
|  red   |  |  red   |  | green  |  
| ovally |  |  balk  |  |  balk  |  
|   2    |  |   1    |  |   3    |  
| empty  |  |  fill  |  | empty  |  


    [30]        [31]        [32]    
| purple |  | green  |  |  red   |  
|  wave  |  | ovally |  |  balk  |  
|   1    |  |   3    |  |   3    |  
|halffill|  |halffill|  |  fill  |  


    [33]        [34]        [35]    
| purple |  | green  |  |  red   |  
| ovally |  |  balk  |  |  wave  |  
|   1    |  |   3    |  |   2    |  
|  fill  |  |  fill  |  |halffill|  


    [36]        [37]        [38]    
| green  |  | purple |  | purple |  
| ovally |  |  balk  |  |  wave  |  
|   1    |  |   1    |  |   3    |  
| empty  |  |halffill|  |  fill  |  


    [39]        [40]        [41]    
|  red   |  | green  |  | purple |  
| ovally |  | ovally |  | ovally |  
|   2    |  |   1    |  |   3    |  
|  fill  |  |halffill|  |halffill|  


    [42]        [43]        [44]    
|  red   |  | green  |  | purple |  
|  wave  |  | ovally |  |  wave  |  
|   1    |  |   1    |  |   1    |  
| empty  |  |  fill  |  | empty  |  


    [45]        [46]        [47]    
| green  |  |  red   |  | green  |  
|  balk  |  |  wave  |  | ovally |  
|   1    |  |   3    |  |   2    |  
| empty  |  |  fill  |  |halffill|  


    [48]        [49]    
|  red   |  
|  balk  |  | ovally |  
|   2    |  
| empty  |  |  fill  |  



INFO main de.htwg.se.setgame.aview.tui - 
81
INFO main de.htwg.se.setgame.aview.tui - Antrage = size

INFO main de.htwg.se.setgame.aview.tui - Antrage = 13

INFO main de.htwg.se.setgame.aview.tui - Welcome to SetGame!!!! 
Well ist not that hard to play ;)
If you found a set please write : set PlayerOne (or PlayerTwo) and the number of the fields 1 2 3 (0-11)
if you need a tipp plese write h
if you want to know the solution please write s
If you want to know the game point please write GetPoints
if you want to solve the set with out knowing just write solve
Set size of the fiel 3-80 size number
For a newGame plase write nw
Have fun!!!if you want to finisch the game please write exit
    [37]        [38]        [39]    
| purple |  | purple |  | purple |  
| ovally |  | ovally |  | ovally |  
|   2    |  |   2    |  |   2    |  
| empty  |  |  fill  |  |halffill|  


    [40]        [41]        [42]    
| green  |  | purple |  |  red   |  
| ovally |  | ovally |  |  wave  |  
|   1    |  |   3    |  |   1    |  
|halffill|  |halffill|  | empty  |  


    [43]        [44]        [45]    
| green  |  | purple |  | green  |  
| ovally |  |  wave  |  |  balk  |  
|   1    |  |   1    |  |   1    |  
|  fill  |  | empty  |  | empty  |  


    [46]        [47]        [48]    
|  red   |  | green  |  |  red   |  
|  wave  |  | ovally |  |  balk  |  
|   3    |  |   2    |  |   2    |  
|  fill  |  |halffill|  | empty  |  


    [49]    
| green  |  
| ovally |  
|   3    |  
|  fill  |  



INFO main de.htwg.se.setgame.aview.tui - Welcome to SetGame!!!! 
Well ist not that hard to play ;)
If you found a set please write : set PlayerOne (or PlayerTwo) and the number of the fields 1 2 3 (0-11)
if you need a tipp plese write h
if you want to know the solution please write s
If you want to know the game point please write GetPoints
if you want to solve the set with out knowing just write solve
Set size of the fiel 3-80 size number
For a newGame plase write nw
Have fun!!!if you want to finisch the game please write exit
    [37]        [38]        [39]    
| purple |  | purple |  | purple |  
| ovally |  | ovally |  | ovally |  
|   2    |  |   2    |  |   2    |  
| empty  |  |  fill  |  |halffill|  


    [40]        [41]        [42]    
| green  |  | purple |  |  red   |  
| ovally |  | ovally |  |  wave  |  
|   1    |  |   3    |  |   1    |  
|halffill|  |halffill|  | empty  |  


    [43]        [44]        [45]    
| green  |  | purple |  | green  |  
| ovally |  |  wave  |  |  balk  |  
|   1    |  |   1    |  |   1    |  
|  fill  |  | empty  |  | empty  |  


    [46]        [47]        [48]    
|  red   |  | green  |  |  red   |  
|  wave  |  | ovally |  |  balk  |  
|   3    |  |   2    |  |   2    |  
|  fill  |  |halffill|  | empty  |  


    [49]    
| green  |  
| ovally |  
|   3    |  
|  fill  |  



INFO main de.htwg.se.setgame.aview.tui - 
81
INFO main de.htwg.se.setgame.aview.tui - Antrage = size

INFO main de.htwg.se.setgame.aview.tui - Antrage = 12

INFO main de.htwg.se.setgame.aview.tui - Welcome to SetGame!!!! 
Well ist not that hard to play ;)
If you found a set please write : set PlayerOne (or PlayerTwo) and the number of the fields 1 2 3 (0-11)
if you need a tipp plese write h
if you want to know the solution please write s
If you want to know the game point please write GetPoints
if you want to solve the set with out knowing just write solve
Set size of the fiel 3-80 size number
For a newGame plase write nw
Have fun!!!if you want to finisch the game please write exit
    [37]        [38]        [39]    
| purple |  | purple |  | purple |  
| ovally |  | ovally |  | ovally |  
|   2    |  |   2    |  |   2    |  
| empty  |  |  fill  |  |halffill|  


    [40]        [41]        [42]    
| green  |  | purple |  |  red   |  
| ovally |  | ovally |  |  wave  |  
|   1    |  |   3    |  |   1    |  
|halffill|  |halffill|  | empty  |  


    [43]        [44]        [45]    
| green  |  | purple |  | green  |  
| ovally |  |  wave  |  |  balk  |  
|   1    |  |   1    |  |   1    |  
|  fill  |  | empty  |  | empty  |  


    [46]        [47]        [48]    
|  red   |  | green  |  |  red   |  
|  wave  |  | ovally |  |  balk  |  
|   3    |  |   2    |  |   2    |  
|  fill  |  |halffill|  | empty  |  



INFO main de.htwg.se.setgame.aview.tui - Welcome to SetGame!!!! 
Well ist not that hard to play ;)
If you found a set please write : set PlayerOne (or PlayerTwo) and the number of the fields 1 2 3 (0-11)
if you need a tipp plese write h
if you want to know the solution please write s
If you want to know the game point please write GetPoints
if you want to solve the set with out knowing just write solve
Set size of the fiel 3-80 size number
For a newGame plase write nw
Have fun!!!if you want to finisch the game please write exit
    [37]        [38]        [39]    
| purple |  | purple |  | purple |  
| ovally |  | ovally |  | ovally |  
|   2    |  |   2    |  |   2    |  
| empty  |  |  fill  |  |halffill|  


    [40]        [41]        [42]    
| green  |  | purple |  |  red   |  
| ovally |  | ovally |  |  wave  |  
|   1    |  |   3    |  |   1    |  
|halffill|  |halffill|  | empty  |  


    [43]        [44]        [45]    
| green  |  | purple |  | green  |  
| ovally |  |  wave  |  |  balk  |  
|   1    |  |   1    |  |   1    |  
|  fill  |  | empty  |  | empty  |  


    [46]        [47]        [48]    
|  red   |  | green  |  |  red   |  
|  wave  |  | ovally |  |  balk  |  
|   3    |  |   2    |  |   2    |  
|  fill  |  |halffill|  | empty  |  



INFO main de.htwg.se.setgame.aview.tui - 
81
INFO main de.htwg.se.setgame.aview.tui - Antrage = s

INFO main de.htwg.se.setgame.aview.tui - Index  == 37
INFO main de.htwg.se.setgame.aview.tui - 

INFO main de.htwg.se.setgame.aview.tui - Index  == 38
INFO main de.htwg.se.setgame.aview.tui - 

INFO main de.htwg.se.setgame.aview.tui - Index  == 39
INFO main de.htwg.se.setgame.aview.tui - 

INFO main de.htwg.se.setgame.aview.tui - 
81
INFO main de.htwg.se.setgame.aview.tui - Antrage = solve

INFO main de.htwg.se.setgame.aview.tui - solved[|purple| 
 |ovally| 
 |empty| 
 |2|
, |purple| 
 |ovally| 
 |fill| 
 |2|
, |purple| 
 |ovally| 
 |halffill| 
 |2|
]
81
INFO main de.htwg.se.setgame.aview.tui - Welcome to SetGame!!!! 
Well ist not that hard to play ;)
If you found a set please write : set PlayerOne (or PlayerTwo) and the number of the fields 1 2 3 (0-11)
if you need a tipp plese write h
if you want to know the solution please write s
If you want to know the game point please write GetPoints
if you want to solve the set with out knowing just write solve
Set size of the fiel 3-80 size number
For a newGame plase write nw
Have fun!!!if you want to finisch the game please write exit
    [0]        [1]        [2]    
| purple |  | green  |  |  red   |  
|  wave  |  |  balk  |  |  balk  |  
|   2    |  |   2    |  |   3    |  
|  fill  |  |  fill  |  |halffill|  


    [3]        [4]        [5]    
| purple |  | green  |  | purple |  
| ovally |  |  wave  |  | ovally |  
|   1    |  |   3    |  |   3    |  
|halffill|  |  fill  |  | empty  |  


    [6]        [7]        [8]    
| purple |  | purple |  |  red   |  
|  balk  |  |  balk  |  | ovally |  
|   1    |  |   3    |  |   1    |  
| empty  |  |halffill|  | empty  |  


    [9]        [10]        [11]    
|  red   |  | green  |  |  red   |  
|  balk  |  |  wave  |  |  wave  |  
|   1    |  |   2    |  |   1    |  
|halffill|  |  fill  |  |  fill  |  



INFO main de.htwg.se.setgame.aview.tui - Welcome to SetGame!!!! 
Well ist not that hard to play ;)
If you found a set please write : set PlayerOne (or PlayerTwo) and the number of the fields 1 2 3 (0-11)
if you need a tipp plese write h
if you want to know the solution please write s
If you want to know the game point please write GetPoints
if you want to solve the set with out knowing just write solve
Set size of the fiel 3-80 size number
For a newGame plase write nw
Have fun!!!if you want to finisch the game please write exit
    [0]        [1]        [2]    
| purple |  | green  |  |  red   |  
|  wave  |  |  balk  |  |  balk  |  
|   2    |  |   2    |  |   3    |  
|  fill  |  |  fill  |  |halffill|  


    [3]        [4]        [5]    
| purple |  | green  |  | purple |  
| ovally |  |  wave  |  | ovally |  
|   1    |  |   3    |  |   3    |  
|halffill|  |  fill  |  | empty  |  


    [6]        [7]        [8]    
| purple |  | purple |  |  red   |  
|  balk  |  |  balk  |  | ovally |  
|   1    |  |   3    |  |   1    |  
| empty  |  |halffill|  | empty  |  


    [9]        [10]        [11]    
|  red   |  | green  |  |  red   |  
|  balk  |  |  wave  |  |  wave  |  
|   1    |  |   2    |  |   1    |  
|halffill|  |  fill  |  |  fill  |  



INFO main de.htwg.se.setgame.aview.tui - 
78
INFO main de.htwg.se.setgame.aview.tui - Antrage = nw

INFO main de.htwg.se.setgame.aview.tui - 
size of Pack = 81
12
INFO main de.htwg.se.setgame.aview.tui - Welcome to SetGame!!!! 
Well ist not that hard to play ;)
If you found a set please write : set PlayerOne (or PlayerTwo) and the number of the fields 1 2 3 (0-11)
if you need a tipp plese write h
if you want to know the solution please write s
If you want to know the game point please write GetPoints
if you want to solve the set with out knowing just write solve
Set size of the fiel 3-80 size number
For a newGame plase write nw
Have fun!!!if you want to finisch the game please write exit
    [0]        [1]        [2]    
| purple |  | green  |  | green  |  
| ovally |  | ovally |  |  wave  |  
|   3    |  |   2    |  |   3    |  
| empty  |  |halffill|  |halffill|  


    [3]        [4]        [5]    
| purple |  |  red   |  | green  |  
|  wave  |  |  balk  |  |  wave  |  
|   2    |  |   2    |  |   2    |  
|halffill|  |  fill  |  | empty  |  


    [6]        [7]        [8]    
|  red   |  | purple |  | purple |  
|  wave  |  | ovally |  |  balk  |  
|   1    |  |   2    |  |   3    |  
| empty  |  | empty  |  | empty  |  


    [9]        [10]        [11]    
|  red   |  | green  |  | green  |  
| ovally |  | ovally |  |  wave  |  
|   2    |  |   1    |  |   1    |  
|halffill|  |  fill  |  |halffill|  



INFO main de.htwg.se.setgame.aview.tui - 
81
INFO main de.htwg.se.setgame.aview.tui - Antrage = exit

INFO main de.htwg.se.setgame.aview.tui - Welcome to SetGame!!!! 
Well ist not that hard to play ;)
If you found a set please write : set PlayerOne (or PlayerTwo) and the number of the fields 1 2 3 (0-11)
if you need a tipp plese write h
if you want to know the solution please write s
If you want to know the game point please write GetPoints
if you want to solve the set with out knowing just write solve
Set size of the fiel 3-80 size number
For a newGame plase write nw
Have fun!!!if you want to finisch the game please write exit
    [0]        [1]        [2]    
| purple |  | green  |  |  red   |  
|  wave  |  |  balk  |  | ovally |  
|   1    |  |   3    |  |   2    |  
|  fill  |  | empty  |  |halffill|  


    [3]        [4]        [5]    
| green  |  | purple |  | purple |  
|  balk  |  |  wave  |  |  wave  |  
|   2    |  |   1    |  |   3    |  
|  fill  |  | empty  |  | empty  |  


    [6]        [7]        [8]    
| purple |  |  red   |  |  red   |  
| ovally |  |  balk  |  |  wave  |  
|   2    |  |   1    |  |   1    |  
|halffill|  |  fill  |  | empty  |  


    [9]        [10]        [11]    
| purple |  | green  |  |  red   |  
|  balk  |  | ovally |  |  wave  |  
|   3    |  |   2    |  |   1    |  
|  fill  |  |  fill  |  |halffill|  



INFO main de.htwg.se.setgame.aview.tui - 
81
INFO main de.htwg.se.setgame.aview.tui - Antrage = size

INFO main de.htwg.se.setgame.aview.tui - Antrage = 5

INFO main de.htwg.se.setgame.aview.tui - Welcome to SetGame!!!! 
Well ist not that hard to play ;)
If you found a set please write : set PlayerOne (or PlayerTwo) and the number of the fields 1 2 3 (0-11)
if you need a tipp plese write h
if you want to know the solution please write s
If you want to know the game point please write GetPoints
if you want to solve the set with out knowing just write solve
Set size of the fiel 3-80 size number
For a newGame plase write nw
Have fun!!!if you want to finisch the game please write exit
    [7]        [8]        [9]    
| purple |  | green  |  |  red   |  
|  wave  |  |  balk  |  | ovally |  
|   1    |  |   3    |  |   2    |  
|  fill  |  | empty  |  |halffill|  


    [10]        [11]    
| green  |  
| ovally |  |  wave  |  
|   2    |  
|  fill  |  |halffill|  



INFO main de.htwg.se.setgame.aview.tui - Welcome to SetGame!!!! 
Well ist not that hard to play ;)
If you found a set please write : set PlayerOne (or PlayerTwo) and the number of the fields 1 2 3 (0-11)
if you need a tipp plese write h
if you want to know the solution please write s
If you want to know the game point please write GetPoints
if you want to solve the set with out knowing just write solve
Set size of the fiel 3-80 size number
For a newGame plase write nw
Have fun!!!if you want to finisch the game please write exit
    [7]        [8]        [9]    
| purple |  | green  |  |  red   |  
|  wave  |  |  balk  |  | ovally |  
|   1    |  |   3    |  |   2    |  
|  fill  |  | empty  |  |halffill|  


    [10]        [11]    
| green  |  
| ovally |  |  wave  |  
|   2    |  
|  fill  |  |halffill|  



INFO main de.htwg.se.setgame.aview.tui - Welcome to SetGame!!!! 
Well ist not that hard to play ;)
If you found a set please write : set PlayerOne (or PlayerTwo) and the number of the fields 1 2 3 (0-11)
if you need a tipp plese write h
if you want to know the solution please write s
If you want to know the game point please write GetPoints
if you want to solve the set with out knowing just write solve
Set size of the fiel 3-80 size number
For a newGame plase write nw
Have fun!!!if you want to finisch the game please write exit
    [0]        [1]        [2]    
| green  |  | purple |  |  red   |  
| ovally |  |  wave  |  |  balk  |  
|   3    |  |   2    |  |   1    |  
| empty  |  |halffill|  |  fill  |  


    [3]        [4]        [5]    
| green  |  | purple |  | purple |  
|  balk  |  |  wave  |  |  balk  |  
|   1    |  |   2    |  |   3    |  
| empty  |  | empty  |  | empty  |  


    [6]        [7]        [8]    
| purple |  | purple |  |  red   |  
|  wave  |  |  balk  |  |  wave  |  
|   3    |  |   2    |  |   1    |  
| empty  |  |halffill|  |halffill|  


    [9]        [10]        [11]    
| green  |  |  red   |  | purple |  
|  wave  |  |  wave  |  | ovally |  
|   3    |  |   3    |  |   3    |  
| empty  |  |halffill|  |  fill  |  



